DEPRECATION WARNING: `Rails.application.secrets` is deprecated in favor of `Rails.application.credentials` and will be removed in Rails 7.2. (called from <main> at /home/runner/work/todo-rist/todo-rist/config/environment.rb:7)
  [1m[35m (52.4ms)[0m  [1m[35mCREATE DATABASE "todo_rist_development" ENCODING = 'unicode'[0m
  [1m[35mSQL (0.5ms)[0m  [1m[35mCREATE EXTENSION IF NOT EXISTS "plpgsql"[0m
  [1m[35m (0.3ms)[0m  [1m[35mDROP TABLE IF EXISTS "good_job_batches" CASCADE[0m
  [1m[35m (9.6ms)[0m  [1m[35mCREATE TABLE "good_job_batches" ("id" uuid DEFAULT gen_random_uuid() NOT NULL PRIMARY KEY, "created_at" timestamp(6) NOT NULL, "updated_at" timestamp(6) NOT NULL, "description" text, "serialized_properties" jsonb, "on_finish" text, "on_success" text, "on_discard" text, "callback_queue_name" text, "callback_priority" integer, "enqueued_at" timestamp(6), "discarded_at" timestamp(6), "finished_at" timestamp(6))[0m
  [1m[35m (0.3ms)[0m  [1m[35mDROP TABLE IF EXISTS "good_job_executions" CASCADE[0m
  [1m[35m (6.0ms)[0m  [1m[35mCREATE TABLE "good_job_executions" ("id" uuid DEFAULT gen_random_uuid() NOT NULL PRIMARY KEY, "created_at" timestamp(6) NOT NULL, "updated_at" timestamp(6) NOT NULL, "active_job_id" uuid NOT NULL, "job_class" text, "queue_name" text, "serialized_params" jsonb, "scheduled_at" timestamp(6), "finished_at" timestamp(6), "error" text, "error_event" smallint)[0m
  [1m[35m (3.7ms)[0m  [1m[35mCREATE INDEX "index_good_job_executions_on_active_job_id_and_created_at" ON "good_job_executions" ("active_job_id", "created_at")[0m
  [1m[35m (0.5ms)[0m  [1m[35mDROP TABLE IF EXISTS "good_job_processes" CASCADE[0m
  [1m[35m (6.1ms)[0m  [1m[35mCREATE TABLE "good_job_processes" ("id" uuid DEFAULT gen_random_uuid() NOT NULL PRIMARY KEY, "created_at" timestamp(6) NOT NULL, "updated_at" timestamp(6) NOT NULL, "state" jsonb)[0m
  [1m[35m (0.3ms)[0m  [1m[35mDROP TABLE IF EXISTS "good_job_settings" CASCADE[0m
  [1m[35m (6.5ms)[0m  [1m[35mCREATE TABLE "good_job_settings" ("id" uuid DEFAULT gen_random_uuid() NOT NULL PRIMARY KEY, "created_at" timestamp(6) NOT NULL, "updated_at" timestamp(6) NOT NULL, "key" text, "value" jsonb)[0m
  [1m[35m (3.3ms)[0m  [1m[35mCREATE UNIQUE INDEX "index_good_job_settings_on_key" ON "good_job_settings" ("key")[0m
  [1m[35m (0.3ms)[0m  [1m[35mDROP TABLE IF EXISTS "good_jobs" CASCADE[0m
  [1m[35m (6.9ms)[0m  [1m[35mCREATE TABLE "good_jobs" ("id" uuid DEFAULT gen_random_uuid() NOT NULL PRIMARY KEY, "queue_name" text, "priority" integer, "serialized_params" jsonb, "scheduled_at" timestamp(6), "performed_at" timestamp(6), "finished_at" timestamp(6), "error" text, "created_at" timestamp(6) NOT NULL, "updated_at" timestamp(6) NOT NULL, "active_job_id" uuid, "concurrency_key" text, "cron_key" text, "retried_good_job_id" uuid, "cron_at" timestamp(6), "batch_id" uuid, "batch_callback_id" uuid, "is_discrete" boolean, "executions_count" integer, "job_class" text, "error_event" smallint)[0m
  [1m[35m (5.4ms)[0m  [1m[35mCREATE INDEX "index_good_jobs_on_active_job_id_and_created_at" ON "good_jobs" ("active_job_id", "created_at")[0m
  [1m[35m (3.0ms)[0m  [1m[35mCREATE INDEX "index_good_jobs_on_active_job_id" ON "good_jobs" ("active_job_id")[0m
  [1m[35m (3.1ms)[0m  [1m[35mCREATE INDEX "index_good_jobs_on_batch_callback_id" ON "good_jobs" ("batch_callback_id") WHERE (batch_callback_id IS NOT NULL)[0m
  [1m[35m (3.5ms)[0m  [1m[35mCREATE INDEX "index_good_jobs_on_batch_id" ON "good_jobs" ("batch_id") WHERE (batch_id IS NOT NULL)[0m
  [1m[35m (2.4ms)[0m  [1m[35mCREATE INDEX "index_good_jobs_on_concurrency_key_when_unfinished" ON "good_jobs" ("concurrency_key") WHERE (finished_at IS NULL)[0m
  [1m[35m (3.3ms)[0m  [1m[35mCREATE INDEX "index_good_jobs_on_cron_key_and_created_at_cond" ON "good_jobs" ("cron_key", "created_at") WHERE (cron_key IS NOT NULL)[0m
  [1m[35m (2.8ms)[0m  [1m[35mCREATE UNIQUE INDEX "index_good_jobs_on_cron_key_and_cron_at_cond" ON "good_jobs" ("cron_key", "cron_at") WHERE (cron_key IS NOT NULL)[0m
  [1m[35m (2.8ms)[0m  [1m[35mCREATE INDEX "index_good_jobs_jobs_on_finished_at" ON "good_jobs" ("finished_at") WHERE ((retried_good_job_id IS NULL) AND (finished_at IS NOT NULL))[0m
  [1m[35m (2.9ms)[0m  [1m[35mCREATE INDEX "index_good_jobs_jobs_on_priority_created_at_when_unfinished" ON "good_jobs" ("priority" DESC NULLS LAST, "created_at") WHERE (finished_at IS NULL)[0m
  [1m[35m (2.4ms)[0m  [1m[35mCREATE INDEX "index_good_jobs_on_queue_name_and_scheduled_at" ON "good_jobs" ("queue_name", "scheduled_at") WHERE (finished_at IS NULL)[0m
  [1m[35m (2.8ms)[0m  [1m[35mCREATE INDEX "index_good_jobs_on_scheduled_at" ON "good_jobs" ("scheduled_at") WHERE (finished_at IS NULL)[0m
  [1m[35m (0.4ms)[0m  [1m[35mDROP TABLE IF EXISTS "links" CASCADE[0m
  [1m[35m (7.9ms)[0m  [1m[35mCREATE TABLE "links" ("id" bigserial primary key, "title" character varying, "summary" text, "image_url" character varying, "url" character varying NOT NULL, "scraping_state" integer DEFAULT 0 NOT NULL, "user_id" bigint NOT NULL, "discarded_at" timestamp(6), "created_at" timestamp(6) NOT NULL, "updated_at" timestamp(6) NOT NULL, "due_date" date, "read_at" timestamp)[0m
  [1m[35m (2.6ms)[0m  [1m[35mCREATE INDEX "index_links_on_discarded_at" ON "links" ("discarded_at")[0m
  [1m[35m (2.2ms)[0m  [1m[35mCREATE INDEX "index_links_on_user_id" ON "links" ("user_id")[0m
  [1m[35m (0.3ms)[0m  [1m[35mDROP TABLE IF EXISTS "motor_alert_locks" CASCADE[0m
  [1m[35m (7.1ms)[0m  [1m[35mCREATE TABLE "motor_alert_locks" ("id" bigserial primary key, "alert_id" bigint NOT NULL, "lock_timestamp" character varying NOT NULL, "created_at" timestamp(6) NOT NULL, "updated_at" timestamp(6) NOT NULL)[0m
  [1m[35m (5.2ms)[0m  [1m[35mCREATE UNIQUE INDEX "index_motor_alert_locks_on_alert_id_and_lock_timestamp" ON "motor_alert_locks" ("alert_id", "lock_timestamp")[0m
  [1m[35m (2.5ms)[0m  [1m[35mCREATE INDEX "index_motor_alert_locks_on_alert_id" ON "motor_alert_locks" ("alert_id")[0m
  [1m[35m (0.5ms)[0m  [1m[35mDROP TABLE IF EXISTS "motor_alerts" CASCADE[0m
  [1m[35m (8.9ms)[0m  [1m[35mCREATE TABLE "motor_alerts" ("id" bigserial primary key, "query_id" bigint NOT NULL, "name" character varying NOT NULL, "description" text, "to_emails" text NOT NULL, "is_enabled" boolean DEFAULT TRUE NOT NULL, "preferences" text NOT NULL, "author_id" bigint, "author_type" character varying, "deleted_at" timestamp(6), "created_at" timestamp(6) NOT NULL, "updated_at" timestamp(6) NOT NULL)[0m
  [1m[35m (3.3ms)[0m  [1m[35mCREATE UNIQUE INDEX "motor_alerts_name_unique_index" ON "motor_alerts" ("name") WHERE (deleted_at IS NULL)[0m
  [1m[35m (2.8ms)[0m  [1m[35mCREATE INDEX "index_motor_alerts_on_query_id" ON "motor_alerts" ("query_id")[0m
  [1m[35m (3.1ms)[0m  [1m[35mCREATE INDEX "index_motor_alerts_on_updated_at" ON "motor_alerts" ("updated_at")[0m
  [1m[35m (0.4ms)[0m  [1m[35mDROP TABLE IF EXISTS "motor_api_configs" CASCADE[0m
  [1m[35m (6.9ms)[0m  [1m[35mCREATE TABLE "motor_api_configs" ("id" bigserial primary key, "name" character varying NOT NULL, "url" character varying NOT NULL, "preferences" text NOT NULL, "credentials" text NOT NULL, "description" text, "deleted_at" timestamp(6), "created_at" timestamp(6) NOT NULL, "updated_at" timestamp(6) NOT NULL)[0m
  [1m[35m (2.2ms)[0m  [1m[35mCREATE UNIQUE INDEX "motor_api_configs_name_unique_index" ON "motor_api_configs" ("name") WHERE (deleted_at IS NULL)[0m
  [1m[35m (0.4ms)[0m  [1m[35mDROP TABLE IF EXISTS "motor_audits" CASCADE[0m
  [1m[35m (6.7ms)[0m  [1m[35mCREATE TABLE "motor_audits" ("id" bigserial primary key, "auditable_id" character varying, "auditable_type" character varying, "associated_id" character varying, "associated_type" character varying, "user_id" bigint, "user_type" character varying, "username" character varying, "action" character varying, "audited_changes" text, "version" bigint DEFAULT 0, "comment" text, "remote_address" character varying, "request_uuid" character varying, "created_at" timestamp(6))[0m
  [1m[35m (2.8ms)[0m  [1m[35mCREATE INDEX "motor_auditable_associated_index" ON "motor_audits" ("associated_type", "associated_id")[0m
  [1m[35m (3.3ms)[0m  [1m[35mCREATE INDEX "motor_auditable_index" ON "motor_audits" ("auditable_type", "auditable_id", "version")[0m
  [1m[35m (2.4ms)[0m  [1m[35mCREATE INDEX "index_motor_audits_on_created_at" ON "motor_audits" ("created_at")[0m
  [1m[35m (2.9ms)[0m  [1m[35mCREATE INDEX "index_motor_audits_on_request_uuid" ON "motor_audits" ("request_uuid")[0m
  [1m[35m (2.6ms)[0m  [1m[35mCREATE INDEX "motor_auditable_user_index" ON "motor_audits" ("user_id", "user_type")[0m
  [1m[35m (0.4ms)[0m  [1m[35mDROP TABLE IF EXISTS "motor_configs" CASCADE[0m
  [1m[35m (6.0ms)[0m  [1m[35mCREATE TABLE "motor_configs" ("id" bigserial primary key, "key" character varying NOT NULL, "value" text NOT NULL, "created_at" timestamp(6) NOT NULL, "updated_at" timestamp(6) NOT NULL)[0m
  [1m[35m (3.4ms)[0m  [1m[35mCREATE UNIQUE INDEX "index_motor_configs_on_key" ON "motor_configs" ("key")[0m
  [1m[35m (3.3ms)[0m  [1m[35mCREATE INDEX "index_motor_configs_on_updated_at" ON "motor_configs" ("updated_at")[0m
  [1m[35m (0.3ms)[0m  [1m[35mDROP TABLE IF EXISTS "motor_dashboards" CASCADE[0m
  [1m[35m (7.2ms)[0m  [1m[35mCREATE TABLE "motor_dashboards" ("id" bigserial primary key, "title" character varying NOT NULL, "description" text, "preferences" text NOT NULL, "author_id" bigint, "author_type" character varying, "deleted_at" timestamp(6), "created_at" timestamp(6) NOT NULL, "updated_at" timestamp(6) NOT NULL)[0m
  [1m[35m (2.5ms)[0m  [1m[35mCREATE UNIQUE INDEX "motor_dashboards_title_unique_index" ON "motor_dashboards" ("title") WHERE (deleted_at IS NULL)[0m
  [1m[35m (3.1ms)[0m  [1m[35mCREATE INDEX "index_motor_dashboards_on_updated_at" ON "motor_dashboards" ("updated_at")[0m
  [1m[35m (0.4ms)[0m  [1m[35mDROP TABLE IF EXISTS "motor_forms" CASCADE[0m
  [1m[35m (6.9ms)[0m  [1m[35mCREATE TABLE "motor_forms" ("id" bigserial primary key, "name" character varying NOT NULL, "description" text, "api_path" text NOT NULL, "http_method" character varying NOT NULL, "preferences" text NOT NULL, "author_id" bigint, "author_type" character varying, "deleted_at" timestamp(6), "api_config_name" character varying NOT NULL, "created_at" timestamp(6) NOT NULL, "updated_at" timestamp(6) NOT NULL)[0m
  [1m[35m (2.4ms)[0m  [1m[35mCREATE UNIQUE INDEX "motor_forms_name_unique_index" ON "motor_forms" ("name") WHERE (deleted_at IS NULL)[0m
  [1m[35m (3.2ms)[0m  [1m[35mCREATE INDEX "index_motor_forms_on_updated_at" ON "motor_forms" ("updated_at")[0m
  [1m[35m (0.4ms)[0m  [1m[35mDROP TABLE IF EXISTS "motor_note_tag_tags" CASCADE[0m
  [1m[35m (4.2ms)[0m  [1m[35mCREATE TABLE "motor_note_tag_tags" ("id" bigserial primary key, "tag_id" bigint NOT NULL, "note_id" bigint NOT NULL)[0m
  [1m[35m (3.0ms)[0m  [1m[35mCREATE UNIQUE INDEX "motor_note_tags_note_id_tag_id_index" ON "motor_note_tag_tags" ("note_id", "tag_id")[0m
  [1m[35m (2.6ms)[0m  [1m[35mCREATE INDEX "index_motor_note_tag_tags_on_tag_id" ON "motor_note_tag_tags" ("tag_id")[0m
  [1m[35m (0.4ms)[0m  [1m[35mDROP TABLE IF EXISTS "motor_note_tags" CASCADE[0m
  [1m[35m (6.3ms)[0m  [1m[35mCREATE TABLE "motor_note_tags" ("id" bigserial primary key, "name" character varying NOT NULL, "created_at" timestamp(6) NOT NULL, "updated_at" timestamp(6) NOT NULL)[0m
  [1m[35m (2.5ms)[0m  [1m[35mCREATE UNIQUE INDEX "motor_note_tags_name_unique_index" ON "motor_note_tags" ("name")[0m
  [1m[35m (0.4ms)[0m  [1m[35mDROP TABLE IF EXISTS "motor_notes" CASCADE[0m
  [1m[35m (8.8ms)[0m  [1m[35mCREATE TABLE "motor_notes" ("id" bigserial primary key, "body" text, "author_id" bigint, "author_type" character varying, "record_id" character varying NOT NULL, "record_type" character varying NOT NULL, "deleted_at" timestamp(6), "created_at" timestamp(6) NOT NULL, "updated_at" timestamp(6) NOT NULL)[0m
  [1m[35m (2.9ms)[0m  [1m[35mCREATE INDEX "motor_notes_author_id_author_type_index" ON "motor_notes" ("author_id", "author_type")[0m
  [1m[35m (2.8ms)[0m  [1m[35mCREATE INDEX "motor_notes_record_id_record_type_index" ON "motor_notes" ("record_id", "record_type")[0m
  [1m[35m (0.3ms)[0m  [1m[35mDROP TABLE IF EXISTS "motor_notifications" CASCADE[0m
  [1m[35m (7.2ms)[0m  [1m[35mCREATE TABLE "motor_notifications" ("id" bigserial primary key, "title" character varying NOT NULL, "description" text, "recipient_id" bigint NOT NULL, "recipient_type" character varying NOT NULL, "record_id" character varying, "record_type" character varying, "status" character varying NOT NULL, "created_at" timestamp(6) NOT NULL, "updated_at" timestamp(6) NOT NULL)[0m
  [1m[35m (2.7ms)[0m  [1m[35mCREATE INDEX "motor_notifications_recipient_id_recipient_type_index" ON "motor_notifications" ("recipient_id", "recipient_type")[0m
  [1m[35m (2.8ms)[0m  [1m[35mCREATE INDEX "motor_notifications_record_id_record_type_index" ON "motor_notifications" ("record_id", "record_type")[0m
  [1m[35m (0.4ms)[0m  [1m[35mDROP TABLE IF EXISTS "motor_queries" CASCADE[0m
  [1m[35m (6.8ms)[0m  [1m[35mCREATE TABLE "motor_queries" ("id" bigserial primary key, "name" character varying NOT NULL, "description" text, "sql_body" text NOT NULL, "preferences" text NOT NULL, "author_id" bigint, "author_type" character varying, "deleted_at" timestamp(6), "created_at" timestamp(6) NOT NULL, "updated_at" timestamp(6) NOT NULL)[0m
  [1m[35m (3.9ms)[0m  [1m[35mCREATE UNIQUE INDEX "motor_queries_name_unique_index" ON "motor_queries" ("name") WHERE (deleted_at IS NULL)[0m
  [1m[35m (4.3ms)[0m  [1m[35mCREATE INDEX "index_motor_queries_on_updated_at" ON "motor_queries" ("updated_at")[0m
  [1m[35m (0.4ms)[0m  [1m[35mDROP TABLE IF EXISTS "motor_reminders" CASCADE[0m
  [1m[35m (6.7ms)[0m  [1m[35mCREATE TABLE "motor_reminders" ("id" bigserial primary key, "author_id" bigint NOT NULL, "author_type" character varying NOT NULL, "recipient_id" bigint NOT NULL, "recipient_type" character varying NOT NULL, "record_id" character varying, "record_type" character varying, "scheduled_at" timestamp(6) NOT NULL, "created_at" timestamp(6) NOT NULL, "updated_at" timestamp(6) NOT NULL)[0m
  [1m[35m (2.9ms)[0m  [1m[35mCREATE INDEX "motor_reminders_author_id_author_type_index" ON "motor_reminders" ("author_id", "author_type")[0m
  [1m[35m (2.4ms)[0m  [1m[35mCREATE INDEX "motor_reminders_recipient_id_recipient_type_index" ON "motor_reminders" ("recipient_id", "recipient_type")[0m
  [1m[35m (2.7ms)[0m  [1m[35mCREATE INDEX "motor_reminders_record_id_record_type_index" ON "motor_reminders" ("record_id", "record_type")[0m
  [1m[35m (2.3ms)[0m  [1m[35mCREATE INDEX "index_motor_reminders_on_scheduled_at" ON "motor_reminders" ("scheduled_at")[0m
  [1m[35m (0.4ms)[0m  [1m[35mDROP TABLE IF EXISTS "motor_resources" CASCADE[0m
  [1m[35m (6.6ms)[0m  [1m[35mCREATE TABLE "motor_resources" ("id" bigserial primary key, "name" character varying NOT NULL, "preferences" text NOT NULL, "created_at" timestamp(6) NOT NULL, "updated_at" timestamp(6) NOT NULL)[0m
  [1m[35m (2.9ms)[0m  [1m[35mCREATE UNIQUE INDEX "index_motor_resources_on_name" ON "motor_resources" ("name")[0m
  [1m[35m (4.5ms)[0m  [1m[35mCREATE INDEX "index_motor_resources_on_updated_at" ON "motor_resources" ("updated_at")[0m
  [1m[35m (0.3ms)[0m  [1m[35mDROP TABLE IF EXISTS "motor_taggable_tags" CASCADE[0m
  [1m[35m (5.9ms)[0m  [1m[35mCREATE TABLE "motor_taggable_tags" ("id" bigserial primary key, "tag_id" bigint NOT NULL, "taggable_id" bigint NOT NULL, "taggable_type" character varying NOT NULL)[0m
  [1m[35m (3.1ms)[0m  [1m[35mCREATE INDEX "index_motor_taggable_tags_on_tag_id" ON "motor_taggable_tags" ("tag_id")[0m
  [1m[35m (2.6ms)[0m  [1m[35mCREATE UNIQUE INDEX "motor_polymorphic_association_tag_index" ON "motor_taggable_tags" ("taggable_id", "taggable_type", "tag_id")[0m
  [1m[35m (0.4ms)[0m  [1m[35mDROP TABLE IF EXISTS "motor_tags" CASCADE[0m
  [1m[35m (6.9ms)[0m  [1m[35mCREATE TABLE "motor_tags" ("id" bigserial primary key, "name" character varying NOT NULL, "created_at" timestamp(6) NOT NULL, "updated_at" timestamp(6) NOT NULL)[0m
  [1m[35m (3.0ms)[0m  [1m[35mCREATE UNIQUE INDEX "motor_tags_name_unique_index" ON "motor_tags" ("name")[0m
  [1m[35m (0.4ms)[0m  [1m[35mDROP TABLE IF EXISTS "users" CASCADE[0m
  [1m[35m (7.5ms)[0m  [1m[35mCREATE TABLE "users" ("id" bigserial primary key, "email" character varying NOT NULL, "encrypted_password" character varying DEFAULT '' NOT NULL, "name" character varying NOT NULL, "provider" character varying NOT NULL, "uid" character varying NOT NULL, "image" character varying, "sign_in_count" integer DEFAULT 0 NOT NULL, "current_sign_in_at" timestamp(6), "last_sign_in_at" timestamp(6), "current_sign_in_ip" character varying, "last_sign_in_ip" character varying, "admin" boolean DEFAULT FALSE NOT NULL, "discarded_at" timestamp(6), "created_at" timestamp(6) NOT NULL, "updated_at" timestamp(6) NOT NULL)[0m
  [1m[35m (3.0ms)[0m  [1m[35mCREATE INDEX "index_users_on_discarded_at" ON "users" ("discarded_at")[0m
  [1m[35m (2.3ms)[0m  [1m[35mCREATE UNIQUE INDEX "index_users_on_email" ON "users" ("email") WHERE (discarded_at IS NULL)[0m
  [1m[35m (3.2ms)[0m  [1m[35mCREATE UNIQUE INDEX "index_users_on_provider_and_uid" ON "users" ("provider", "uid") WHERE (discarded_at IS NULL)[0m
  [1m[35m (5.0ms)[0m  [1m[35mALTER TABLE "motor_alert_locks" ADD CONSTRAINT "fk_rails_38d1b2960e"
FOREIGN KEY ("alert_id")
  REFERENCES "motor_alerts" ("id")
[0m
  [1m[35m (3.1ms)[0m  [1m[35mALTER TABLE "motor_alerts" ADD CONSTRAINT "fk_rails_8828951644"
FOREIGN KEY ("query_id")
  REFERENCES "motor_queries" ("id")
[0m
  [1m[35m (3.3ms)[0m  [1m[35mALTER TABLE "motor_note_tag_tags" ADD CONSTRAINT "fk_rails_f0bd88b67d"
FOREIGN KEY ("tag_id")
  REFERENCES "motor_note_tags" ("id")
[0m
  [1m[35m (3.3ms)[0m  [1m[35mALTER TABLE "motor_note_tag_tags" ADD CONSTRAINT "fk_rails_5958bda098"
FOREIGN KEY ("note_id")
  REFERENCES "motor_notes" ("id")
[0m
  [1m[35m (3.1ms)[0m  [1m[35mALTER TABLE "motor_taggable_tags" ADD CONSTRAINT "fk_rails_ba9ebe2280"
FOREIGN KEY ("tag_id")
  REFERENCES "motor_tags" ("id")
[0m
  [1m[35m (5.9ms)[0m  [1m[35mCREATE TABLE "schema_migrations" ("version" character varying NOT NULL PRIMARY KEY)[0m
  [1m[36mActiveRecord::SchemaMigration Load (1.0ms)[0m  [1m[34mSELECT "schema_migrations"."version" FROM "schema_migrations" ORDER BY "schema_migrations"."version" ASC[0m
  [1m[35m (0.8ms)[0m  [1m[32mINSERT INTO "schema_migrations" (version) VALUES (20240101092713)[0m
  [1m[35m (0.5ms)[0m  [1m[32mINSERT INTO "schema_migrations" (version) VALUES
(20231225151209);[0m
  [1m[35m (7.6ms)[0m  [1m[35mCREATE TABLE "ar_internal_metadata" ("key" character varying NOT NULL PRIMARY KEY, "value" character varying, "created_at" timestamp(6) NOT NULL, "updated_at" timestamp(6) NOT NULL)[0m
  [1m[36mActiveRecord::InternalMetadata Load (1.1ms)[0m  [1m[34mSELECT * FROM "ar_internal_metadata" WHERE "ar_internal_metadata"."key" = $1 ORDER BY "ar_internal_metadata"."key" ASC LIMIT 1[0m  [[nil, "environment"]]
  [1m[36mActiveRecord::InternalMetadata Create (0.9ms)[0m  [1m[32mINSERT INTO "ar_internal_metadata" ("key", "value", "created_at", "updated_at") VALUES ('environment', 'development', '2024-01-03 13:04:33.465519', '2024-01-03 13:04:33.465523') RETURNING "key"[0m
  [1m[36mActiveRecord::InternalMetadata Load (0.4ms)[0m  [1m[34mSELECT * FROM "ar_internal_metadata" WHERE "ar_internal_metadata"."key" = $1 ORDER BY "ar_internal_metadata"."key" ASC LIMIT 1[0m  [[nil, "environment"]]
  [1m[36mActiveRecord::InternalMetadata Load (0.4ms)[0m  [1m[34mSELECT * FROM "ar_internal_metadata" WHERE "ar_internal_metadata"."key" = $1 ORDER BY "ar_internal_metadata"."key" ASC LIMIT 1[0m  [[nil, "schema_sha1"]]
  [1m[36mActiveRecord::InternalMetadata Create (0.6ms)[0m  [1m[32mINSERT INTO "ar_internal_metadata" ("key", "value", "created_at", "updated_at") VALUES ('schema_sha1', '0dd328657a7cdd6f8a8ebad2e4d0ec310b004ad8', '2024-01-03 13:04:33.470808', '2024-01-03 13:04:33.470811') RETURNING "key"[0m
  [1m[35m (0.3ms)[0m  [1m[34mSELECT pg_try_advisory_lock(2828394484916524650)[0m
  [1m[36mActiveRecord::SchemaMigration Load (0.4ms)[0m  [1m[34mSELECT "schema_migrations"."version" FROM "schema_migrations" ORDER BY "schema_migrations"."version" ASC[0m
  [1m[36mActiveRecord::InternalMetadata Load (0.4ms)[0m  [1m[34mSELECT * FROM "ar_internal_metadata" WHERE "ar_internal_metadata"."key" = $1 ORDER BY "ar_internal_metadata"."key" ASC LIMIT 1[0m  [[nil, "environment"]]
  [1m[35m (0.3ms)[0m  [1m[34mSELECT pg_advisory_unlock(2828394484916524650)[0m
  [1m[36mActiveRecord::SchemaMigration Load (0.3ms)[0m  [1m[34mSELECT "schema_migrations"."version" FROM "schema_migrations" ORDER BY "schema_migrations"."version" ASC[0m
  [1m[35mSQL (0.6ms)[0m  [1m[35mCREATE EXTENSION IF NOT EXISTS "plpgsql"[0m
  [1m[35m (0.3ms)[0m  [1m[35mDROP TABLE IF EXISTS "good_job_batches" CASCADE[0m
  [1m[35m (10.5ms)[0m  [1m[35mCREATE TABLE "good_job_batches" ("id" uuid DEFAULT gen_random_uuid() NOT NULL PRIMARY KEY, "created_at" timestamp(6) NOT NULL, "updated_at" timestamp(6) NOT NULL, "description" text, "serialized_properties" jsonb, "on_finish" text, "on_success" text, "on_discard" text, "callback_queue_name" text, "callback_priority" integer, "enqueued_at" timestamp(6), "discarded_at" timestamp(6), "finished_at" timestamp(6))[0m
  [1m[35m (0.5ms)[0m  [1m[35mDROP TABLE IF EXISTS "good_job_executions" CASCADE[0m
  [1m[35m (6.6ms)[0m  [1m[35mCREATE TABLE "good_job_executions" ("id" uuid DEFAULT gen_random_uuid() NOT NULL PRIMARY KEY, "created_at" timestamp(6) NOT NULL, "updated_at" timestamp(6) NOT NULL, "active_job_id" uuid NOT NULL, "job_class" text, "queue_name" text, "serialized_params" jsonb, "scheduled_at" timestamp(6), "finished_at" timestamp(6), "error" text, "error_event" smallint)[0m
  [1m[35m (3.7ms)[0m  [1m[35mCREATE INDEX "index_good_job_executions_on_active_job_id_and_created_at" ON "good_job_executions" ("active_job_id", "created_at")[0m
  [1m[35m (0.4ms)[0m  [1m[35mDROP TABLE IF EXISTS "good_job_processes" CASCADE[0m
  [1m[35m (5.5ms)[0m  [1m[35mCREATE TABLE "good_job_processes" ("id" uuid DEFAULT gen_random_uuid() NOT NULL PRIMARY KEY, "created_at" timestamp(6) NOT NULL, "updated_at" timestamp(6) NOT NULL, "state" jsonb)[0m
  [1m[35m (0.4ms)[0m  [1m[35mDROP TABLE IF EXISTS "good_job_settings" CASCADE[0m
  [1m[35m (6.2ms)[0m  [1m[35mCREATE TABLE "good_job_settings" ("id" uuid DEFAULT gen_random_uuid() NOT NULL PRIMARY KEY, "created_at" timestamp(6) NOT NULL, "updated_at" timestamp(6) NOT NULL, "key" text, "value" jsonb)[0m
  [1m[35m (3.6ms)[0m  [1m[35mCREATE UNIQUE INDEX "index_good_job_settings_on_key" ON "good_job_settings" ("key")[0m
  [1m[35m (0.3ms)[0m  [1m[35mDROP TABLE IF EXISTS "good_jobs" CASCADE[0m
  [1m[35m (6.9ms)[0m  [1m[35mCREATE TABLE "good_jobs" ("id" uuid DEFAULT gen_random_uuid() NOT NULL PRIMARY KEY, "queue_name" text, "priority" integer, "serialized_params" jsonb, "scheduled_at" timestamp(6), "performed_at" timestamp(6), "finished_at" timestamp(6), "error" text, "created_at" timestamp(6) NOT NULL, "updated_at" timestamp(6) NOT NULL, "active_job_id" uuid, "concurrency_key" text, "cron_key" text, "retried_good_job_id" uuid, "cron_at" timestamp(6), "batch_id" uuid, "batch_callback_id" uuid, "is_discrete" boolean, "executions_count" integer, "job_class" text, "error_event" smallint)[0m
  [1m[35m (2.8ms)[0m  [1m[35mCREATE INDEX "index_good_jobs_on_active_job_id_and_created_at" ON "good_jobs" ("active_job_id", "created_at")[0m
  [1m[35m (3.0ms)[0m  [1m[35mCREATE INDEX "index_good_jobs_on_active_job_id" ON "good_jobs" ("active_job_id")[0m
  [1m[35m (2.8ms)[0m  [1m[35mCREATE INDEX "index_good_jobs_on_batch_callback_id" ON "good_jobs" ("batch_callback_id") WHERE (batch_callback_id IS NOT NULL)[0m
  [1m[35m (2.1ms)[0m  [1m[35mCREATE INDEX "index_good_jobs_on_batch_id" ON "good_jobs" ("batch_id") WHERE (batch_id IS NOT NULL)[0m
  [1m[35m (2.2ms)[0m  [1m[35mCREATE INDEX "index_good_jobs_on_concurrency_key_when_unfinished" ON "good_jobs" ("concurrency_key") WHERE (finished_at IS NULL)[0m
  [1m[35m (2.6ms)[0m  [1m[35mCREATE INDEX "index_good_jobs_on_cron_key_and_created_at_cond" ON "good_jobs" ("cron_key", "created_at") WHERE (cron_key IS NOT NULL)[0m
  [1m[35m (2.8ms)[0m  [1m[35mCREATE UNIQUE INDEX "index_good_jobs_on_cron_key_and_cron_at_cond" ON "good_jobs" ("cron_key", "cron_at") WHERE (cron_key IS NOT NULL)[0m
  [1m[35m (2.4ms)[0m  [1m[35mCREATE INDEX "index_good_jobs_jobs_on_finished_at" ON "good_jobs" ("finished_at") WHERE ((retried_good_job_id IS NULL) AND (finished_at IS NOT NULL))[0m
  [1m[35m (2.6ms)[0m  [1m[35mCREATE INDEX "index_good_jobs_jobs_on_priority_created_at_when_unfinished" ON "good_jobs" ("priority" DESC NULLS LAST, "created_at") WHERE (finished_at IS NULL)[0m
  [1m[35m (3.5ms)[0m  [1m[35mCREATE INDEX "index_good_jobs_on_queue_name_and_scheduled_at" ON "good_jobs" ("queue_name", "scheduled_at") WHERE (finished_at IS NULL)[0m
  [1m[35m (3.2ms)[0m  [1m[35mCREATE INDEX "index_good_jobs_on_scheduled_at" ON "good_jobs" ("scheduled_at") WHERE (finished_at IS NULL)[0m
  [1m[35m (0.4ms)[0m  [1m[35mDROP TABLE IF EXISTS "links" CASCADE[0m
  [1m[35m (7.6ms)[0m  [1m[35mCREATE TABLE "links" ("id" bigserial primary key, "title" character varying, "summary" text, "image_url" character varying, "url" character varying NOT NULL, "scraping_state" integer DEFAULT 0 NOT NULL, "user_id" bigint NOT NULL, "discarded_at" timestamp(6), "created_at" timestamp(6) NOT NULL, "updated_at" timestamp(6) NOT NULL, "due_date" date, "read_at" timestamp)[0m
  [1m[35m (2.6ms)[0m  [1m[35mCREATE INDEX "index_links_on_discarded_at" ON "links" ("discarded_at")[0m
  [1m[35m (3.1ms)[0m  [1m[35mCREATE INDEX "index_links_on_user_id" ON "links" ("user_id")[0m
  [1m[35m (0.4ms)[0m  [1m[35mDROP TABLE IF EXISTS "motor_alert_locks" CASCADE[0m
  [1m[35m (8.2ms)[0m  [1m[35mCREATE TABLE "motor_alert_locks" ("id" bigserial primary key, "alert_id" bigint NOT NULL, "lock_timestamp" character varying NOT NULL, "created_at" timestamp(6) NOT NULL, "updated_at" timestamp(6) NOT NULL)[0m
  [1m[35m (4.2ms)[0m  [1m[35mCREATE UNIQUE INDEX "index_motor_alert_locks_on_alert_id_and_lock_timestamp" ON "motor_alert_locks" ("alert_id", "lock_timestamp")[0m
  [1m[35m (2.7ms)[0m  [1m[35mCREATE INDEX "index_motor_alert_locks_on_alert_id" ON "motor_alert_locks" ("alert_id")[0m
  [1m[35m (0.4ms)[0m  [1m[35mDROP TABLE IF EXISTS "motor_alerts" CASCADE[0m
  [1m[35m (8.2ms)[0m  [1m[35mCREATE TABLE "motor_alerts" ("id" bigserial primary key, "query_id" bigint NOT NULL, "name" character varying NOT NULL, "description" text, "to_emails" text NOT NULL, "is_enabled" boolean DEFAULT TRUE NOT NULL, "preferences" text NOT NULL, "author_id" bigint, "author_type" character varying, "deleted_at" timestamp(6), "created_at" timestamp(6) NOT NULL, "updated_at" timestamp(6) NOT NULL)[0m
  [1m[35m (3.4ms)[0m  [1m[35mCREATE UNIQUE INDEX "motor_alerts_name_unique_index" ON "motor_alerts" ("name") WHERE (deleted_at IS NULL)[0m
  [1m[35m (2.4ms)[0m  [1m[35mCREATE INDEX "index_motor_alerts_on_query_id" ON "motor_alerts" ("query_id")[0m
  [1m[35m (3.9ms)[0m  [1m[35mCREATE INDEX "index_motor_alerts_on_updated_at" ON "motor_alerts" ("updated_at")[0m
  [1m[35m (0.4ms)[0m  [1m[35mDROP TABLE IF EXISTS "motor_api_configs" CASCADE[0m
  [1m[35m (7.4ms)[0m  [1m[35mCREATE TABLE "motor_api_configs" ("id" bigserial primary key, "name" character varying NOT NULL, "url" character varying NOT NULL, "preferences" text NOT NULL, "credentials" text NOT NULL, "description" text, "deleted_at" timestamp(6), "created_at" timestamp(6) NOT NULL, "updated_at" timestamp(6) NOT NULL)[0m
  [1m[35m (2.6ms)[0m  [1m[35mCREATE UNIQUE INDEX "motor_api_configs_name_unique_index" ON "motor_api_configs" ("name") WHERE (deleted_at IS NULL)[0m
  [1m[35m (0.4ms)[0m  [1m[35mDROP TABLE IF EXISTS "motor_audits" CASCADE[0m
  [1m[35m (8.8ms)[0m  [1m[35mCREATE TABLE "motor_audits" ("id" bigserial primary key, "auditable_id" character varying, "auditable_type" character varying, "associated_id" character varying, "associated_type" character varying, "user_id" bigint, "user_type" character varying, "username" character varying, "action" character varying, "audited_changes" text, "version" bigint DEFAULT 0, "comment" text, "remote_address" character varying, "request_uuid" character varying, "created_at" timestamp(6))[0m
  [1m[35m (3.1ms)[0m  [1m[35mCREATE INDEX "motor_auditable_associated_index" ON "motor_audits" ("associated_type", "associated_id")[0m
  [1m[35m (2.8ms)[0m  [1m[35mCREATE INDEX "motor_auditable_index" ON "motor_audits" ("auditable_type", "auditable_id", "version")[0m
  [1m[35m (2.5ms)[0m  [1m[35mCREATE INDEX "index_motor_audits_on_created_at" ON "motor_audits" ("created_at")[0m
  [1m[35m (2.3ms)[0m  [1m[35mCREATE INDEX "index_motor_audits_on_request_uuid" ON "motor_audits" ("request_uuid")[0m
  [1m[35m (2.7ms)[0m  [1m[35mCREATE INDEX "motor_auditable_user_index" ON "motor_audits" ("user_id", "user_type")[0m
  [1m[35m (0.3ms)[0m  [1m[35mDROP TABLE IF EXISTS "motor_configs" CASCADE[0m
  [1m[35m (6.4ms)[0m  [1m[35mCREATE TABLE "motor_configs" ("id" bigserial primary key, "key" character varying NOT NULL, "value" text NOT NULL, "created_at" timestamp(6) NOT NULL, "updated_at" timestamp(6) NOT NULL)[0m
  [1m[35m (2.8ms)[0m  [1m[35mCREATE UNIQUE INDEX "index_motor_configs_on_key" ON "motor_configs" ("key")[0m
  [1m[35m (2.5ms)[0m  [1m[35mCREATE INDEX "index_motor_configs_on_updated_at" ON "motor_configs" ("updated_at")[0m
  [1m[35m (0.3ms)[0m  [1m[35mDROP TABLE IF EXISTS "motor_dashboards" CASCADE[0m
  [1m[35m (7.2ms)[0m  [1m[35mCREATE TABLE "motor_dashboards" ("id" bigserial primary key, "title" character varying NOT NULL, "description" text, "preferences" text NOT NULL, "author_id" bigint, "author_type" character varying, "deleted_at" timestamp(6), "created_at" timestamp(6) NOT NULL, "updated_at" timestamp(6) NOT NULL)[0m
  [1m[35m (2.6ms)[0m  [1m[35mCREATE UNIQUE INDEX "motor_dashboards_title_unique_index" ON "motor_dashboards" ("title") WHERE (deleted_at IS NULL)[0m
  [1m[35m (3.8ms)[0m  [1m[35mCREATE INDEX "index_motor_dashboards_on_updated_at" ON "motor_dashboards" ("updated_at")[0m
  [1m[35m (0.3ms)[0m  [1m[35mDROP TABLE IF EXISTS "motor_forms" CASCADE[0m
  [1m[35m (7.8ms)[0m  [1m[35mCREATE TABLE "motor_forms" ("id" bigserial primary key, "name" character varying NOT NULL, "description" text, "api_path" text NOT NULL, "http_method" character varying NOT NULL, "preferences" text NOT NULL, "author_id" bigint, "author_type" character varying, "deleted_at" timestamp(6), "api_config_name" character varying NOT NULL, "created_at" timestamp(6) NOT NULL, "updated_at" timestamp(6) NOT NULL)[0m
  [1m[35m (2.5ms)[0m  [1m[35mCREATE UNIQUE INDEX "motor_forms_name_unique_index" ON "motor_forms" ("name") WHERE (deleted_at IS NULL)[0m
  [1m[35m (3.1ms)[0m  [1m[35mCREATE INDEX "index_motor_forms_on_updated_at" ON "motor_forms" ("updated_at")[0m
  [1m[35m (0.3ms)[0m  [1m[35mDROP TABLE IF EXISTS "motor_note_tag_tags" CASCADE[0m
  [1m[35m (3.8ms)[0m  [1m[35mCREATE TABLE "motor_note_tag_tags" ("id" bigserial primary key, "tag_id" bigint NOT NULL, "note_id" bigint NOT NULL)[0m
  [1m[35m (2.4ms)[0m  [1m[35mCREATE UNIQUE INDEX "motor_note_tags_note_id_tag_id_index" ON "motor_note_tag_tags" ("note_id", "tag_id")[0m
  [1m[35m (2.2ms)[0m  [1m[35mCREATE INDEX "index_motor_note_tag_tags_on_tag_id" ON "motor_note_tag_tags" ("tag_id")[0m
  [1m[35m (0.3ms)[0m  [1m[35mDROP TABLE IF EXISTS "motor_note_tags" CASCADE[0m
  [1m[35m (6.4ms)[0m  [1m[35mCREATE TABLE "motor_note_tags" ("id" bigserial primary key, "name" character varying NOT NULL, "created_at" timestamp(6) NOT NULL, "updated_at" timestamp(6) NOT NULL)[0m
  [1m[35m (2.3ms)[0m  [1m[35mCREATE UNIQUE INDEX "motor_note_tags_name_unique_index" ON "motor_note_tags" ("name")[0m
  [1m[35m (0.4ms)[0m  [1m[35mDROP TABLE IF EXISTS "motor_notes" CASCADE[0m
  [1m[35m (8.1ms)[0m  [1m[35mCREATE TABLE "motor_notes" ("id" bigserial primary key, "body" text, "author_id" bigint, "author_type" character varying, "record_id" character varying NOT NULL, "record_type" character varying NOT NULL, "deleted_at" timestamp(6), "created_at" timestamp(6) NOT NULL, "updated_at" timestamp(6) NOT NULL)[0m
  [1m[35m (3.2ms)[0m  [1m[35mCREATE INDEX "motor_notes_author_id_author_type_index" ON "motor_notes" ("author_id", "author_type")[0m
  [1m[35m (2.5ms)[0m  [1m[35mCREATE INDEX "motor_notes_record_id_record_type_index" ON "motor_notes" ("record_id", "record_type")[0m
  [1m[35m (0.4ms)[0m  [1m[35mDROP TABLE IF EXISTS "motor_notifications" CASCADE[0m
  [1m[35m (6.5ms)[0m  [1m[35mCREATE TABLE "motor_notifications" ("id" bigserial primary key, "title" character varying NOT NULL, "description" text, "recipient_id" bigint NOT NULL, "recipient_type" character varying NOT NULL, "record_id" character varying, "record_type" character varying, "status" character varying NOT NULL, "created_at" timestamp(6) NOT NULL, "updated_at" timestamp(6) NOT NULL)[0m
  [1m[35m (2.9ms)[0m  [1m[35mCREATE INDEX "motor_notifications_recipient_id_recipient_type_index" ON "motor_notifications" ("recipient_id", "recipient_type")[0m
  [1m[35m (3.0ms)[0m  [1m[35mCREATE INDEX "motor_notifications_record_id_record_type_index" ON "motor_notifications" ("record_id", "record_type")[0m
  [1m[35m (0.3ms)[0m  [1m[35mDROP TABLE IF EXISTS "motor_queries" CASCADE[0m
  [1m[35m (6.1ms)[0m  [1m[35mCREATE TABLE "motor_queries" ("id" bigserial primary key, "name" character varying NOT NULL, "description" text, "sql_body" text NOT NULL, "preferences" text NOT NULL, "author_id" bigint, "author_type" character varying, "deleted_at" timestamp(6), "created_at" timestamp(6) NOT NULL, "updated_at" timestamp(6) NOT NULL)[0m
  [1m[35m (2.1ms)[0m  [1m[35mCREATE UNIQUE INDEX "motor_queries_name_unique_index" ON "motor_queries" ("name") WHERE (deleted_at IS NULL)[0m
  [1m[35m (2.0ms)[0m  [1m[35mCREATE INDEX "index_motor_queries_on_updated_at" ON "motor_queries" ("updated_at")[0m
  [1m[35m (0.4ms)[0m  [1m[35mDROP TABLE IF EXISTS "motor_reminders" CASCADE[0m
  [1m[35m (6.8ms)[0m  [1m[35mCREATE TABLE "motor_reminders" ("id" bigserial primary key, "author_id" bigint NOT NULL, "author_type" character varying NOT NULL, "recipient_id" bigint NOT NULL, "recipient_type" character varying NOT NULL, "record_id" character varying, "record_type" character varying, "scheduled_at" timestamp(6) NOT NULL, "created_at" timestamp(6) NOT NULL, "updated_at" timestamp(6) NOT NULL)[0m
  [1m[35m (3.9ms)[0m  [1m[35mCREATE INDEX "motor_reminders_author_id_author_type_index" ON "motor_reminders" ("author_id", "author_type")[0m
  [1m[35m (2.3ms)[0m  [1m[35mCREATE INDEX "motor_reminders_recipient_id_recipient_type_index" ON "motor_reminders" ("recipient_id", "recipient_type")[0m
  [1m[35m (2.6ms)[0m  [1m[35mCREATE INDEX "motor_reminders_record_id_record_type_index" ON "motor_reminders" ("record_id", "record_type")[0m
  [1m[35m (2.5ms)[0m  [1m[35mCREATE INDEX "index_motor_reminders_on_scheduled_at" ON "motor_reminders" ("scheduled_at")[0m
  [1m[35m (0.3ms)[0m  [1m[35mDROP TABLE IF EXISTS "motor_resources" CASCADE[0m
  [1m[35m (5.9ms)[0m  [1m[35mCREATE TABLE "motor_resources" ("id" bigserial primary key, "name" character varying NOT NULL, "preferences" text NOT NULL, "created_at" timestamp(6) NOT NULL, "updated_at" timestamp(6) NOT NULL)[0m
  [1m[35m (2.5ms)[0m  [1m[35mCREATE UNIQUE INDEX "index_motor_resources_on_name" ON "motor_resources" ("name")[0m
  [1m[35m (3.2ms)[0m  [1m[35mCREATE INDEX "index_motor_resources_on_updated_at" ON "motor_resources" ("updated_at")[0m
  [1m[35m (0.4ms)[0m  [1m[35mDROP TABLE IF EXISTS "motor_taggable_tags" CASCADE[0m
  [1m[35m (5.8ms)[0m  [1m[35mCREATE TABLE "motor_taggable_tags" ("id" bigserial primary key, "tag_id" bigint NOT NULL, "taggable_id" bigint NOT NULL, "taggable_type" character varying NOT NULL)[0m
  [1m[35m (2.4ms)[0m  [1m[35mCREATE INDEX "index_motor_taggable_tags_on_tag_id" ON "motor_taggable_tags" ("tag_id")[0m
  [1m[35m (2.8ms)[0m  [1m[35mCREATE UNIQUE INDEX "motor_polymorphic_association_tag_index" ON "motor_taggable_tags" ("taggable_id", "taggable_type", "tag_id")[0m
  [1m[35m (0.3ms)[0m  [1m[35mDROP TABLE IF EXISTS "motor_tags" CASCADE[0m
  [1m[35m (6.1ms)[0m  [1m[35mCREATE TABLE "motor_tags" ("id" bigserial primary key, "name" character varying NOT NULL, "created_at" timestamp(6) NOT NULL, "updated_at" timestamp(6) NOT NULL)[0m
  [1m[35m (2.6ms)[0m  [1m[35mCREATE UNIQUE INDEX "motor_tags_name_unique_index" ON "motor_tags" ("name")[0m
  [1m[35m (0.3ms)[0m  [1m[35mDROP TABLE IF EXISTS "users" CASCADE[0m
  [1m[35m (7.8ms)[0m  [1m[35mCREATE TABLE "users" ("id" bigserial primary key, "email" character varying NOT NULL, "encrypted_password" character varying DEFAULT '' NOT NULL, "name" character varying NOT NULL, "provider" character varying NOT NULL, "uid" character varying NOT NULL, "image" character varying, "sign_in_count" integer DEFAULT 0 NOT NULL, "current_sign_in_at" timestamp(6), "last_sign_in_at" timestamp(6), "current_sign_in_ip" character varying, "last_sign_in_ip" character varying, "admin" boolean DEFAULT FALSE NOT NULL, "discarded_at" timestamp(6), "created_at" timestamp(6) NOT NULL, "updated_at" timestamp(6) NOT NULL)[0m
  [1m[35m (2.4ms)[0m  [1m[35mCREATE INDEX "index_users_on_discarded_at" ON "users" ("discarded_at")[0m
  [1m[35m (2.4ms)[0m  [1m[35mCREATE UNIQUE INDEX "index_users_on_email" ON "users" ("email") WHERE (discarded_at IS NULL)[0m
  [1m[35m (2.8ms)[0m  [1m[35mCREATE UNIQUE INDEX "index_users_on_provider_and_uid" ON "users" ("provider", "uid") WHERE (discarded_at IS NULL)[0m
  [1m[35m (4.9ms)[0m  [1m[35mALTER TABLE "motor_alert_locks" ADD CONSTRAINT "fk_rails_38d1b2960e"
FOREIGN KEY ("alert_id")
  REFERENCES "motor_alerts" ("id")
[0m
  [1m[35m (2.9ms)[0m  [1m[35mALTER TABLE "motor_alerts" ADD CONSTRAINT "fk_rails_8828951644"
FOREIGN KEY ("query_id")
  REFERENCES "motor_queries" ("id")
[0m
  [1m[35m (3.2ms)[0m  [1m[35mALTER TABLE "motor_note_tag_tags" ADD CONSTRAINT "fk_rails_f0bd88b67d"
FOREIGN KEY ("tag_id")
  REFERENCES "motor_note_tags" ("id")
[0m
  [1m[35m (3.2ms)[0m  [1m[35mALTER TABLE "motor_note_tag_tags" ADD CONSTRAINT "fk_rails_5958bda098"
FOREIGN KEY ("note_id")
  REFERENCES "motor_notes" ("id")
[0m
  [1m[35m (3.0ms)[0m  [1m[35mALTER TABLE "motor_taggable_tags" ADD CONSTRAINT "fk_rails_ba9ebe2280"
FOREIGN KEY ("tag_id")
  REFERENCES "motor_tags" ("id")
[0m
  [1m[35m (6.4ms)[0m  [1m[35mCREATE TABLE "schema_migrations" ("version" character varying NOT NULL PRIMARY KEY)[0m
  [1m[36mActiveRecord::SchemaMigration Load (1.0ms)[0m  [1m[34mSELECT "schema_migrations"."version" FROM "schema_migrations" ORDER BY "schema_migrations"."version" ASC[0m
  [1m[35m (0.9ms)[0m  [1m[32mINSERT INTO "schema_migrations" (version) VALUES (20240101092713)[0m
  [1m[35m (0.4ms)[0m  [1m[32mINSERT INTO "schema_migrations" (version) VALUES
(20231225151209);[0m
  [1m[35m (5.0ms)[0m  [1m[35mCREATE TABLE "ar_internal_metadata" ("key" character varying NOT NULL PRIMARY KEY, "value" character varying, "created_at" timestamp(6) NOT NULL, "updated_at" timestamp(6) NOT NULL)[0m
  [1m[36mActiveRecord::InternalMetadata Load (1.1ms)[0m  [1m[34mSELECT * FROM "ar_internal_metadata" WHERE "ar_internal_metadata"."key" = $1 ORDER BY "ar_internal_metadata"."key" ASC LIMIT 1[0m  [[nil, "environment"]]
  [1m[36mActiveRecord::InternalMetadata Create (0.7ms)[0m  [1m[32mINSERT INTO "ar_internal_metadata" ("key", "value", "created_at", "updated_at") VALUES ('environment', 'development', '2024-01-03 13:04:34.488750', '2024-01-03 13:04:34.488754') RETURNING "key"[0m
  [1m[36mActiveRecord::InternalMetadata Load (0.3ms)[0m  [1m[34mSELECT * FROM "ar_internal_metadata" WHERE "ar_internal_metadata"."key" = $1 ORDER BY "ar_internal_metadata"."key" ASC LIMIT 1[0m  [[nil, "environment"]]
  [1m[36mActiveRecord::InternalMetadata Update (1.0ms)[0m  [1m[33mUPDATE "ar_internal_metadata" SET "value" = 'test', "updated_at" = '2024-01-03 13:04:34.492975' WHERE "ar_internal_metadata"."key" = 'environment'[0m
  [1m[36mActiveRecord::InternalMetadata Load (0.4ms)[0m  [1m[34mSELECT * FROM "ar_internal_metadata" WHERE "ar_internal_metadata"."key" = $1 ORDER BY "ar_internal_metadata"."key" ASC LIMIT 1[0m  [[nil, "schema_sha1"]]
  [1m[36mActiveRecord::InternalMetadata Create (0.6ms)[0m  [1m[32mINSERT INTO "ar_internal_metadata" ("key", "value", "created_at", "updated_at") VALUES ('schema_sha1', '0dd328657a7cdd6f8a8ebad2e4d0ec310b004ad8', '2024-01-03 13:04:34.496231', '2024-01-03 13:04:34.496233') RETURNING "key"[0m
  [1m[35m (0.3ms)[0m  [1m[34mSELECT pg_try_advisory_lock(6206438716553014590)[0m
  [1m[36mActiveRecord::SchemaMigration Load (0.3ms)[0m  [1m[34mSELECT "schema_migrations"."version" FROM "schema_migrations" ORDER BY "schema_migrations"."version" ASC[0m
  [1m[36mActiveRecord::InternalMetadata Load (0.4ms)[0m  [1m[34mSELECT * FROM "ar_internal_metadata" WHERE "ar_internal_metadata"."key" = $1 ORDER BY "ar_internal_metadata"."key" ASC LIMIT 1[0m  [[nil, "environment"]]
  [1m[35m (0.6ms)[0m  [1m[34mSELECT pg_advisory_unlock(6206438716553014590)[0m
  [1m[36mActiveRecord::SchemaMigration Load (0.3ms)[0m  [1m[34mSELECT "schema_migrations"."version" FROM "schema_migrations" ORDER BY "schema_migrations"."version" ASC[0m
